<?xml version="1.0" encoding="UTF-8" ?>
<testsuite failures="0" time="0.719" errors="2" skipped="0" tests="2" name="org.gouri.openmart.reposiorytests.ModelTests">
  <properties>
[...]
</properties>
  <testcase time="0.597" classname="org.gouri.openmart.reposiorytests.ModelTests" name="testNewProduct">
    <error type="java.util.EmptyStackException">java.util.EmptyStackException
	at java.util.Stack.peek(Stack.java:102)
	at org.apache.logging.log4j.core.impl.ThrowableProxy.resolvePackageData(ThrowableProxy.java:339)
	at org.apache.logging.log4j.core.impl.ThrowableProxy.&lt;init&gt;(ThrowableProxy.java:71)
	at org.apache.logging.log4j.core.impl.Log4jLogEvent.&lt;init&gt;(Log4jLogEvent.java:110)
	at org.apache.logging.log4j.core.impl.Log4jLogEvent.&lt;init&gt;(Log4jLogEvent.java:81)
	at org.apache.logging.log4j.core.config.LoggerConfig.createEvent(LoggerConfig.java:423)
	at org.apache.logging.log4j.core.config.LoggerConfig.log(LoggerConfig.java:344)
	at org.apache.logging.log4j.core.Logger.log(Logger.java:110)
	at org.apache.logging.log4j.spi.AbstractLoggerWrapper.log(AbstractLoggerWrapper.java:55)
	at org.slf4j.impl.SLF4JLogger.log(SLF4JLogger.java:513)
	at org.apache.commons.logging.impl.SLF4JLocationAwareLog.error(SLF4JLocationAwareLog.java:225)
	at org.springframework.test.context.TestContextManager.prepareTestInstance(TestContextManager.java:314)
	at org.springframework.test.context.junit4.SpringJUnit4ClassRunner.createTest(SpringJUnit4ClassRunner.java:211)
	at org.springframework.test.context.junit4.SpringJUnit4ClassRunner$1.runReflectiveCall(SpringJUnit4ClassRunner.java:288)
	at org.junit.internal.runners.model.ReflectiveCallable.run(ReflectiveCallable.java:12)
	at org.springframework.test.context.junit4.SpringJUnit4ClassRunner.methodBlock(SpringJUnit4ClassRunner.java:284)
	at org.springframework.test.context.junit4.SpringJUnit4ClassRunner.runChild(SpringJUnit4ClassRunner.java:231)
	at org.springframework.test.context.junit4.SpringJUnit4ClassRunner.runChild(SpringJUnit4ClassRunner.java:88)
	at org.junit.runners.ParentRunner$3.run(ParentRunner.java:238)
	at org.junit.runners.ParentRunner$1.schedule(ParentRunner.java:63)
	at org.junit.runners.ParentRunner.runChildren(ParentRunner.java:236)
	at org.junit.runners.ParentRunner.access$000(ParentRunner.java:53)
	at org.junit.runners.ParentRunner$2.evaluate(ParentRunner.java:229)
	at org.junit.internal.runners.statements.RunBefores.evaluate(RunBefores.java:26)
	at org.springframework.test.context.junit4.statements.RunBeforeTestClassCallbacks.evaluate(RunBeforeTestClassCallbacks.java:61)
	at org.junit.internal.runners.statements.RunAfters.evaluate(RunAfters.java:27)
	at org.springframework.test.context.junit4.statements.RunAfterTestClassCallbacks.evaluate(RunAfterTestClassCallbacks.java:71)
	at org.junit.runners.ParentRunner.run(ParentRunner.java:309)
	at org.springframework.test.context.junit4.SpringJUnit4ClassRunner.run(SpringJUnit4ClassRunner.java:174)
	at org.apache.maven.surefire.junit4.JUnit4Provider.execute(JUnit4Provider.java:252)
	at org.apache.maven.surefire.junit4.JUnit4Provider.executeTestSet(JUnit4Provider.java:141)
	at org.apache.maven.surefire.junit4.JUnit4Provider.invoke(JUnit4Provider.java:112)
	at sun.reflect.NativeMethodAccessorImpl.invoke0(Native Method)
	at sun.reflect.NativeMethodAccessorImpl.invoke(NativeMethodAccessorImpl.java:57)
	at sun.reflect.DelegatingMethodAccessorImpl.invoke(DelegatingMethodAccessorImpl.java:43)
	at java.lang.reflect.Method.invoke(Method.java:606)
	at org.apache.maven.surefire.util.ReflectionUtils.invokeMethodWithArray(ReflectionUtils.java:189)
	at org.apache.maven.surefire.booter.ProviderFactory$ProviderProxy.invoke(ProviderFactory.java:165)
	at org.apache.maven.surefire.booter.ProviderFactory.invokeProvider(ProviderFactory.java:85)
	at org.apache.maven.surefire.booter.ForkedBooter.runSuitesInProcess(ForkedBooter.java:115)
	at org.apache.maven.surefire.booter.ForkedBooter.main(ForkedBooter.java:75)
</error>
    <system-out>2013-11-29 00:51:54,596 ERROR Invalid status specified: ON. Defaulting to ERROR
00:51:54.833 [main] INFO  org.springframework.context.support.GenericApplicationContext - Refreshing org.springframework.context.support.GenericApplicationContext@39397f0a: startup date [Fri Nov 29 00:51:54 JST 2013]; root of context hierarchy
00:51:54.833 [main] INFO  org.springframework.context.support.GenericApplicationContext - Refreshing org.springframework.context.support.GenericApplicationContext@39397f0a: startup date [Fri Nov 29 00:51:54 JST 2013]; root of context hierarchy
00:51:54.892 [main] INFO  org.springframework.context.annotation.ClassPathBeanDefinitionScanner - JSR-330 &apos;javax.inject.Named&apos; annotation found and supported for component scanning
00:51:54.892 [main] INFO  org.springframework.context.annotation.ClassPathBeanDefinitionScanner - JSR-330 &apos;javax.inject.Named&apos; annotation found and supported for component scanning
RequestScopeResolver initialized..
00:51:55.143 [main] INFO  org.springframework.beans.factory.annotation.AutowiredAnnotationBeanPostProcessor - JSR-330 &apos;javax.inject.Inject&apos; annotation found and supported for autowiring
00:51:55.143 [main] INFO  org.springframework.beans.factory.annotation.AutowiredAnnotationBeanPostProcessor - JSR-330 &apos;javax.inject.Inject&apos; annotation found and supported for autowiring
00:51:55.201 [main] INFO  org.springframework.beans.factory.support.DefaultListableBeanFactory - Pre-instantiating singletons in org.springframework.beans.factory.support.DefaultListableBeanFactory@4c3e2e5f: defining beans [org.springframework.context.annotation.internalConfigurationAnnotationProcessor,org.springframework.context.annotation.internalAutowiredAnnotationProcessor,org.springframework.context.annotation.internalRequiredAnnotationProcessor,org.springframework.context.annotation.internalCommonAnnotationProcessor,openmartAppConfig,openmartDomainConfig,org.springframework.context.annotation.ConfigurationClassPostProcessor.importAwareProcessor,openmartJongoConfig,homeController,openmart,sample,productRepositoryImpl,reflectionHelper,appScopeResolver,sessionScopeResolver,org.springframework.aop.config.internalAutoProxyCreator,org.springframework.data.repository.core.support.RepositoryInterfaceAwareBeanPostProcessor#0,userRepository,testRepository,appSequenceRepository,manufacturerRepository,addressRepository,productRepository,openmartDb,jongo,productseq,appProps,sequenceConfig,org.springframework.transaction.annotation.ProxyTransactionManagementConfiguration,org.springframework.transaction.config.internalTransactionAdvisor,transactionAttributeSource,transactionInterceptor,productSequence,mongoClient,mongoDbFactory,MongoOperations]; root of factory hierarchy
00:51:55.201 [main] INFO  org.springframework.beans.factory.support.DefaultListableBeanFactory - Pre-instantiating singletons in org.springframework.beans.factory.support.DefaultListableBeanFactory@4c3e2e5f: defining beans [org.springframework.context.annotation.internalConfigurationAnnotationProcessor,org.springframework.context.annotation.internalAutowiredAnnotationProcessor,org.springframework.context.annotation.internalRequiredAnnotationProcessor,org.springframework.context.annotation.internalCommonAnnotationProcessor,openmartAppConfig,openmartDomainConfig,org.springframework.context.annotation.ConfigurationClassPostProcessor.importAwareProcessor,openmartJongoConfig,homeController,openmart,sample,productRepositoryImpl,reflectionHelper,appScopeResolver,sessionScopeResolver,org.springframework.aop.config.internalAutoProxyCreator,org.springframework.data.repository.core.support.RepositoryInterfaceAwareBeanPostProcessor#0,userRepository,testRepository,appSequenceRepository,manufacturerRepository,addressRepository,productRepository,openmartDb,jongo,productseq,appProps,sequenceConfig,org.springframework.transaction.annotation.ProxyTransactionManagementConfiguration,org.springframework.transaction.config.internalTransactionAdvisor,transactionAttributeSource,transactionInterceptor,productSequence,mongoClient,mongoDbFactory,MongoOperations]; root of factory hierarchy
00:51:55.309 [main] INFO  org.springframework.beans.factory.support.DefaultListableBeanFactory - Destroying singletons in org.springframework.beans.factory.support.DefaultListableBeanFactory@4c3e2e5f: defining beans [org.springframework.context.annotation.internalConfigurationAnnotationProcessor,org.springframework.context.annotation.internalAutowiredAnnotationProcessor,org.springframework.context.annotation.internalRequiredAnnotationProcessor,org.springframework.context.annotation.internalCommonAnnotationProcessor,openmartAppConfig,openmartDomainConfig,org.springframework.context.annotation.ConfigurationClassPostProcessor.importAwareProcessor,openmartJongoConfig,homeController,openmart,sample,productRepositoryImpl,reflectionHelper,appScopeResolver,sessionScopeResolver,org.springframework.aop.config.internalAutoProxyCreator,org.springframework.data.repository.core.support.RepositoryInterfaceAwareBeanPostProcessor#0,userRepository,testRepository,appSequenceRepository,manufacturerRepository,addressRepository,productRepository,openmartDb,jongo,productseq,appProps,sequenceConfig,org.springframework.transaction.annotation.ProxyTransactionManagementConfiguration,org.springframework.transaction.config.internalTransactionAdvisor,transactionAttributeSource,transactionInterceptor,productSequence,mongoClient,mongoDbFactory,MongoOperations]; root of factory hierarchy
00:51:55.309 [main] INFO  org.springframework.beans.factory.support.DefaultListableBeanFactory - Destroying singletons in org.springframework.beans.factory.support.DefaultListableBeanFactory@4c3e2e5f: defining beans [org.springframework.context.annotation.internalConfigurationAnnotationProcessor,org.springframework.context.annotation.internalAutowiredAnnotationProcessor,org.springframework.context.annotation.internalRequiredAnnotationProcessor,org.springframework.context.annotation.internalCommonAnnotationProcessor,openmartAppConfig,openmartDomainConfig,org.springframework.context.annotation.ConfigurationClassPostProcessor.importAwareProcessor,openmartJongoConfig,homeController,openmart,sample,productRepositoryImpl,reflectionHelper,appScopeResolver,sessionScopeResolver,org.springframework.aop.config.internalAutoProxyCreator,org.springframework.data.repository.core.support.RepositoryInterfaceAwareBeanPostProcessor#0,userRepository,testRepository,appSequenceRepository,manufacturerRepository,addressRepository,productRepository,openmartDb,jongo,productseq,appProps,sequenceConfig,org.springframework.transaction.annotation.ProxyTransactionManagementConfiguration,org.springframework.transaction.config.internalTransactionAdvisor,transactionAttributeSource,transactionInterceptor,productSequence,mongoClient,mongoDbFactory,MongoOperations]; root of factory hierarchy
</system-out>
  </testcase>
  <testcase time="0.122" classname="org.gouri.openmart.reposiorytests.ModelTests" name="testAnnotationValue">
    <error type="java.util.EmptyStackException">java.util.EmptyStackException
	at java.util.Stack.peek(Stack.java:102)
	at org.apache.logging.log4j.core.impl.ThrowableProxy.resolvePackageData(ThrowableProxy.java:339)
	at org.apache.logging.log4j.core.impl.ThrowableProxy.&lt;init&gt;(ThrowableProxy.java:71)
	at org.apache.logging.log4j.core.impl.Log4jLogEvent.&lt;init&gt;(Log4jLogEvent.java:110)
	at org.apache.logging.log4j.core.impl.Log4jLogEvent.&lt;init&gt;(Log4jLogEvent.java:81)
	at org.apache.logging.log4j.core.config.LoggerConfig.createEvent(LoggerConfig.java:423)
	at org.apache.logging.log4j.core.config.LoggerConfig.log(LoggerConfig.java:344)
	at org.apache.logging.log4j.core.Logger.log(Logger.java:110)
	at org.apache.logging.log4j.spi.AbstractLoggerWrapper.log(AbstractLoggerWrapper.java:55)
	at org.slf4j.impl.SLF4JLogger.log(SLF4JLogger.java:513)
	at org.apache.commons.logging.impl.SLF4JLocationAwareLog.error(SLF4JLocationAwareLog.java:225)
	at org.springframework.test.context.TestContextManager.prepareTestInstance(TestContextManager.java:314)
	at org.springframework.test.context.junit4.SpringJUnit4ClassRunner.createTest(SpringJUnit4ClassRunner.java:211)
	at org.springframework.test.context.junit4.SpringJUnit4ClassRunner$1.runReflectiveCall(SpringJUnit4ClassRunner.java:288)
	at org.junit.internal.runners.model.ReflectiveCallable.run(ReflectiveCallable.java:12)
	at org.springframework.test.context.junit4.SpringJUnit4ClassRunner.methodBlock(SpringJUnit4ClassRunner.java:284)
	at org.springframework.test.context.junit4.SpringJUnit4ClassRunner.runChild(SpringJUnit4ClassRunner.java:231)
	at org.springframework.test.context.junit4.SpringJUnit4ClassRunner.runChild(SpringJUnit4ClassRunner.java:88)
	at org.junit.runners.ParentRunner$3.run(ParentRunner.java:238)
	at org.junit.runners.ParentRunner$1.schedule(ParentRunner.java:63)
	at org.junit.runners.ParentRunner.runChildren(ParentRunner.java:236)
	at org.junit.runners.ParentRunner.access$000(ParentRunner.java:53)
	at org.junit.runners.ParentRunner$2.evaluate(ParentRunner.java:229)
	at org.junit.internal.runners.statements.RunBefores.evaluate(RunBefores.java:26)
	at org.springframework.test.context.junit4.statements.RunBeforeTestClassCallbacks.evaluate(RunBeforeTestClassCallbacks.java:61)
	at org.junit.internal.runners.statements.RunAfters.evaluate(RunAfters.java:27)
	at org.springframework.test.context.junit4.statements.RunAfterTestClassCallbacks.evaluate(RunAfterTestClassCallbacks.java:71)
	at org.junit.runners.ParentRunner.run(ParentRunner.java:309)
	at org.springframework.test.context.junit4.SpringJUnit4ClassRunner.run(SpringJUnit4ClassRunner.java:174)
	at org.apache.maven.surefire.junit4.JUnit4Provider.execute(JUnit4Provider.java:252)
	at org.apache.maven.surefire.junit4.JUnit4Provider.executeTestSet(JUnit4Provider.java:141)
	at org.apache.maven.surefire.junit4.JUnit4Provider.invoke(JUnit4Provider.java:112)
	at sun.reflect.NativeMethodAccessorImpl.invoke0(Native Method)
	at sun.reflect.NativeMethodAccessorImpl.invoke(NativeMethodAccessorImpl.java:57)
	at sun.reflect.DelegatingMethodAccessorImpl.invoke(DelegatingMethodAccessorImpl.java:43)
	at java.lang.reflect.Method.invoke(Method.java:606)
	at org.apache.maven.surefire.util.ReflectionUtils.invokeMethodWithArray(ReflectionUtils.java:189)
	at org.apache.maven.surefire.booter.ProviderFactory$ProviderProxy.invoke(ProviderFactory.java:165)
	at org.apache.maven.surefire.booter.ProviderFactory.invokeProvider(ProviderFactory.java:85)
	at org.apache.maven.surefire.booter.ForkedBooter.runSuitesInProcess(ForkedBooter.java:115)
	at org.apache.maven.surefire.booter.ForkedBooter.main(ForkedBooter.java:75)
</error>
    <system-out>00:51:55.316 [main] INFO  org.springframework.context.support.GenericApplicationContext - Refreshing org.springframework.context.support.GenericApplicationContext@669393d0: startup date [Fri Nov 29 00:51:55 JST 2013]; root of context hierarchy
00:51:55.316 [main] INFO  org.springframework.context.support.GenericApplicationContext - Refreshing org.springframework.context.support.GenericApplicationContext@669393d0: startup date [Fri Nov 29 00:51:55 JST 2013]; root of context hierarchy
00:51:55.319 [main] INFO  org.springframework.context.annotation.ClassPathBeanDefinitionScanner - JSR-330 &apos;javax.inject.Named&apos; annotation found and supported for component scanning
00:51:55.319 [main] INFO  org.springframework.context.annotation.ClassPathBeanDefinitionScanner - JSR-330 &apos;javax.inject.Named&apos; annotation found and supported for component scanning
RequestScopeResolver initialized..
00:51:55.398 [main] INFO  org.springframework.beans.factory.annotation.AutowiredAnnotationBeanPostProcessor - JSR-330 &apos;javax.inject.Inject&apos; annotation found and supported for autowiring
00:51:55.398 [main] INFO  org.springframework.beans.factory.annotation.AutowiredAnnotationBeanPostProcessor - JSR-330 &apos;javax.inject.Inject&apos; annotation found and supported for autowiring
00:51:55.412 [main] INFO  org.springframework.beans.factory.support.DefaultListableBeanFactory - Pre-instantiating singletons in org.springframework.beans.factory.support.DefaultListableBeanFactory@1199ebae: defining beans [org.springframework.context.annotation.internalConfigurationAnnotationProcessor,org.springframework.context.annotation.internalAutowiredAnnotationProcessor,org.springframework.context.annotation.internalRequiredAnnotationProcessor,org.springframework.context.annotation.internalCommonAnnotationProcessor,openmartAppConfig,openmartDomainConfig,org.springframework.context.annotation.ConfigurationClassPostProcessor.importAwareProcessor,openmartJongoConfig,homeController,openmart,sample,productRepositoryImpl,reflectionHelper,appScopeResolver,sessionScopeResolver,org.springframework.aop.config.internalAutoProxyCreator,org.springframework.data.repository.core.support.RepositoryInterfaceAwareBeanPostProcessor#0,addressRepository,testRepository,productRepository,manufacturerRepository,appSequenceRepository,userRepository,openmartDb,jongo,productseq,appProps,sequenceConfig,org.springframework.transaction.annotation.ProxyTransactionManagementConfiguration,org.springframework.transaction.config.internalTransactionAdvisor,transactionAttributeSource,transactionInterceptor,productSequence,mongoClient,mongoDbFactory,MongoOperations]; root of factory hierarchy
00:51:55.412 [main] INFO  org.springframework.beans.factory.support.DefaultListableBeanFactory - Pre-instantiating singletons in org.springframework.beans.factory.support.DefaultListableBeanFactory@1199ebae: defining beans [org.springframework.context.annotation.internalConfigurationAnnotationProcessor,org.springframework.context.annotation.internalAutowiredAnnotationProcessor,org.springframework.context.annotation.internalRequiredAnnotationProcessor,org.springframework.context.annotation.internalCommonAnnotationProcessor,openmartAppConfig,openmartDomainConfig,org.springframework.context.annotation.ConfigurationClassPostProcessor.importAwareProcessor,openmartJongoConfig,homeController,openmart,sample,productRepositoryImpl,reflectionHelper,appScopeResolver,sessionScopeResolver,org.springframework.aop.config.internalAutoProxyCreator,org.springframework.data.repository.core.support.RepositoryInterfaceAwareBeanPostProcessor#0,addressRepository,testRepository,productRepository,manufacturerRepository,appSequenceRepository,userRepository,openmartDb,jongo,productseq,appProps,sequenceConfig,org.springframework.transaction.annotation.ProxyTransactionManagementConfiguration,org.springframework.transaction.config.internalTransactionAdvisor,transactionAttributeSource,transactionInterceptor,productSequence,mongoClient,mongoDbFactory,MongoOperations]; root of factory hierarchy
00:51:55.435 [main] INFO  org.springframework.beans.factory.support.DefaultListableBeanFactory - Destroying singletons in org.springframework.beans.factory.support.DefaultListableBeanFactory@1199ebae: defining beans [org.springframework.context.annotation.internalConfigurationAnnotationProcessor,org.springframework.context.annotation.internalAutowiredAnnotationProcessor,org.springframework.context.annotation.internalRequiredAnnotationProcessor,org.springframework.context.annotation.internalCommonAnnotationProcessor,openmartAppConfig,openmartDomainConfig,org.springframework.context.annotation.ConfigurationClassPostProcessor.importAwareProcessor,openmartJongoConfig,homeController,openmart,sample,productRepositoryImpl,reflectionHelper,appScopeResolver,sessionScopeResolver,org.springframework.aop.config.internalAutoProxyCreator,org.springframework.data.repository.core.support.RepositoryInterfaceAwareBeanPostProcessor#0,addressRepository,testRepository,productRepository,manufacturerRepository,appSequenceRepository,userRepository,openmartDb,jongo,productseq,appProps,sequenceConfig,org.springframework.transaction.annotation.ProxyTransactionManagementConfiguration,org.springframework.transaction.config.internalTransactionAdvisor,transactionAttributeSource,transactionInterceptor,productSequence,mongoClient,mongoDbFactory,MongoOperations]; root of factory hierarchy
00:51:55.435 [main] INFO  org.springframework.beans.factory.support.DefaultListableBeanFactory - Destroying singletons in org.springframework.beans.factory.support.DefaultListableBeanFactory@1199ebae: defining beans [org.springframework.context.annotation.internalConfigurationAnnotationProcessor,org.springframework.context.annotation.internalAutowiredAnnotationProcessor,org.springframework.context.annotation.internalRequiredAnnotationProcessor,org.springframework.context.annotation.internalCommonAnnotationProcessor,openmartAppConfig,openmartDomainConfig,org.springframework.context.annotation.ConfigurationClassPostProcessor.importAwareProcessor,openmartJongoConfig,homeController,openmart,sample,productRepositoryImpl,reflectionHelper,appScopeResolver,sessionScopeResolver,org.springframework.aop.config.internalAutoProxyCreator,org.springframework.data.repository.core.support.RepositoryInterfaceAwareBeanPostProcessor#0,addressRepository,testRepository,productRepository,manufacturerRepository,appSequenceRepository,userRepository,openmartDb,jongo,productseq,appProps,sequenceConfig,org.springframework.transaction.annotation.ProxyTransactionManagementConfiguration,org.springframework.transaction.config.internalTransactionAdvisor,transactionAttributeSource,transactionInterceptor,productSequence,mongoClient,mongoDbFactory,MongoOperations]; root of factory hierarchy
</system-out>
  </testcase>
</testsuite>